-------------------------------------------------------------------------------
Test set: ee.ut.cs.swt.nextdate.MTv1Test
-------------------------------------------------------------------------------
Tests run: 4, Failures: 2, Errors: 0, Skipped: 0, Time elapsed: 0 sec <<< FAILURE! - in ee.ut.cs.swt.nextdate.MTv1Test
testDecemberToJanuary(ee.ut.cs.swt.nextdate.MTv1Test)  Time elapsed: 0 sec  <<< FAILURE!
org.junit.ComparisonFailure: expected:<[Invalid Next Year]> but was:<[12/32/2021]>
	at ee.ut.cs.swt.nextdate.MTv1Test.testDecemberToJanuary(MTv1Test.java:31)

testLeapYear(ee.ut.cs.swt.nextdate.MTv1Test)  Time elapsed: 0 sec  <<< FAILURE!
org.junit.ComparisonFailure: expected:<[2/29]/2004> but was:<[3/1]/2004>
	at ee.ut.cs.swt.nextdate.MTv1Test.testLeapYear(MTv1Test.java:35)

