<?xml version="1.0" encoding="UTF-8"?>
<testsuite xmlns:xsi="http://www.w3.org/2001/XMLSchema-instance" xsi:schemaLocation="https://maven.apache.org/surefire/maven-surefire-plugin/xsd/surefire-test-report.xsd" name="ee.ut.cs.swt.nextdate.MTv1Test" time="0" tests="4" errors="0" skipped="0" failures="2">
  <properties>
[...]
</properties>
  <testcase name="testDecemberToJanuary" classname="ee.ut.cs.swt.nextdate.MTv1Test" time="0">
    <failure message="expected:&lt;[Invalid Next Year]&gt; but was:&lt;[12/32/2021]&gt;" type="org.junit.ComparisonFailure"><![CDATA[org.junit.ComparisonFailure: expected:<[Invalid Next Year]> but was:<[12/32/2021]>
	at ee.ut.cs.swt.nextdate.MTv1Test.testDecemberToJanuary(MTv1Test.java:31)
]]></failure>
  </testcase>
  <testcase name="testLeapYear" classname="ee.ut.cs.swt.nextdate.MTv1Test" time="0">
    <failure message="expected:&lt;[2/29]/2004&gt; but was:&lt;[3/1]/2004&gt;" type="org.junit.ComparisonFailure"><![CDATA[org.junit.ComparisonFailure: expected:<[2/29]/2004> but was:<[3/1]/2004>
	at ee.ut.cs.swt.nextdate.MTv1Test.testLeapYear(MTv1Test.java:35)
]]></failure>
  </testcase>
  <testcase name="testJuneToJuly" classname="ee.ut.cs.swt.nextdate.MTv1Test" time="0"/>
  <testcase name="testMarchToApril" classname="ee.ut.cs.swt.nextdate.MTv1Test" time="0"/>
</testsuite>