<?xml version="1.0" encoding="UTF-8"?>
<testsuite xmlns:xsi="http://www.w3.org/2001/XMLSchema-instance" xsi:schemaLocation="https://maven.apache.org/surefire/maven-surefire-plugin/xsd/surefire-test-report.xsd" name="ee.ut.cs.swt.nextdate.GTv1Test" time="0.026" tests="21" errors="0" skipped="0" failures="0">
  <properties>
[...]
</properties>
  <testcase name="testRunWithNegative" classname="ee.ut.cs.swt.nextdate.GTv1Test" time="0"/>
  <testcase name="testRunWithNegativeAndNegative" classname="ee.ut.cs.swt.nextdate.GTv1Test" time="0"/>
  <testcase name="testRunReturningNonEmptyString" classname="ee.ut.cs.swt.nextdate.GTv1Test" time="0"/>
  <testcase name="testRunWithPositive0" classname="ee.ut.cs.swt.nextdate.GTv1Test" time="0"/>
  <testcase name="testRunWithPositive1" classname="ee.ut.cs.swt.nextdate.GTv1Test" time="0"/>
  <testcase name="testRunWithPositive2" classname="ee.ut.cs.swt.nextdate.GTv1Test" time="0.002"/>
  <testcase name="testCreatesNextDate0" classname="ee.ut.cs.swt.nextdate.GTv1Test" time="0"/>
  <testcase name="testCreatesNextDate1" classname="ee.ut.cs.swt.nextdate.GTv1Test" time="0.017"/>
  <testcase name="testCreatesNextDate2" classname="ee.ut.cs.swt.nextdate.GTv1Test" time="0"/>
  <testcase name="testCreatesNextDate3" classname="ee.ut.cs.swt.nextdate.GTv1Test" time="0.001"/>
  <testcase name="testCreatesNextDate4" classname="ee.ut.cs.swt.nextdate.GTv1Test" time="0"/>
  <testcase name="testCreatesNextDate5" classname="ee.ut.cs.swt.nextdate.GTv1Test" time="0"/>
  <testcase name="testCreatesNextDate6" classname="ee.ut.cs.swt.nextdate.GTv1Test" time="0"/>
  <testcase name="testCreatesNextDate7" classname="ee.ut.cs.swt.nextdate.GTv1Test" time="0.002"/>
  <testcase name="testCreatesNextDate8" classname="ee.ut.cs.swt.nextdate.GTv1Test" time="0"/>
  <testcase name="testCreatesNextDate9" classname="ee.ut.cs.swt.nextdate.GTv1Test" time="0.001"/>
  <testcase name="testCreatesNextDate10" classname="ee.ut.cs.swt.nextdate.GTv1Test" time="0"/>
  <testcase name="testCreatesNextDate11" classname="ee.ut.cs.swt.nextdate.GTv1Test" time="0.001"/>
  <testcase name="testCreatesNextDate12" classname="ee.ut.cs.swt.nextdate.GTv1Test" time="0"/>
  <testcase name="testCreatesNextDate13" classname="ee.ut.cs.swt.nextdate.GTv1Test" time="0"/>
  <testcase name="testCreatesNextDate14" classname="ee.ut.cs.swt.nextdate.GTv1Test" time="0.001"/>
</testsuite>